Using pre-set license
Built from '2020.3/staging' branch; Version is '2020.3.21f1 (a38c86f6690f) revision 10718342'; Using compiler version '192528614'; Build Type 'Release'
OS: 'Windows 10 Pro; OS build 22000.438; Version 2009; 64bit' Language: 'es' Physical Memory: 16329 MB
BatchMode: 1, IsHumanControllingUs: 0, StartBugReporterOnCrash: 0, Is64bit: 1, IsPro: 0

COMMAND LINE ARGUMENTS:
C:\Program Files\Unity\Hub\Editor\2020.3.21f1\Editor\Unity.exe
-adb2
-batchMode
-noUpm
-name
AssetImportWorker0
-projectPath
C:/Users/felix/Desktop/Niveles 25-01/News
-logFile
Logs/AssetImportWorker0.log
-srvPort
58396
Successfully changed project path to: C:/Users/felix/Desktop/Niveles 25-01/News
C:/Users/felix/Desktop/Niveles 25-01/News
Using Asset Import Pipeline V2.
Refreshing native plugins compatible for Editor in 31.83 ms, found 2 plugins.
Preloading 0 native plugins for Editor in 0.00 ms.
Initialize engine version: 2020.3.21f1 (a38c86f6690f)
[Subsystems] Discovering subsystems at path C:/Program Files/Unity/Hub/Editor/2020.3.21f1/Editor/Data/Resources/UnitySubsystems
[Subsystems] Discovering subsystems at path C:/Users/felix/Desktop/Niveles 25-01/News/Assets
GfxDevice: creating device client; threaded=0
Direct3D:
    Version:  Direct3D 11.0 [level 11.1]
    Renderer: NVIDIA GeForce GTX 1650 (ID=0x1f82)
    Vendor:   
    VRAM:     3962 MB
    Driver:   30.0.15.1123
Initialize mono
Mono path[0] = 'C:/Program Files/Unity/Hub/Editor/2020.3.21f1/Editor/Data/Managed'
Mono path[1] = 'C:/Program Files/Unity/Hub/Editor/2020.3.21f1/Editor/Data/MonoBleedingEdge/lib/mono/unityjit'
Mono config path = 'C:/Program Files/Unity/Hub/Editor/2020.3.21f1/Editor/Data/MonoBleedingEdge/etc'
Using monoOptions --debugger-agent=transport=dt_socket,embedding=1,server=y,suspend=n,address=127.0.0.1:56880
Begin MonoManager ReloadAssembly
Registering precompiled unity dll's ...
Register platform support module: C:/Program Files/Unity/Hub/Editor/2020.3.21f1/Editor/Data/PlaybackEngines/WebGLSupport/UnityEditor.WebGL.Extensions.dll
Register platform support module: C:/Program Files/Unity/Hub/Editor/2020.3.21f1/Editor/Data/PlaybackEngines/MacStandaloneSupport/UnityEditor.OSXStandalone.Extensions.dll
Register platform support module: C:/Program Files/Unity/Hub/Editor/2020.3.21f1/Editor/Data/PlaybackEngines/WindowsStandaloneSupport/UnityEditor.WindowsStandalone.Extensions.dll
Registered in 0.001748 seconds.
Native extension for WindowsStandalone target not found
Native extension for OSXStandalone target not found
Native extension for WebGL target not found
Refreshing native plugins compatible for Editor in 32.05 ms, found 2 plugins.
Preloading 0 native plugins for Editor in 0.00 ms.
Mono: successfully reloaded assembly
- Completed reload, in  0.962 seconds
Domain Reload Profiling:
	ReloadAssembly (962ms)
		BeginReloadAssembly (47ms)
			ExecutionOrderSort (0ms)
			DisableScriptedObjects (0ms)
			BackupInstance (0ms)
			ReleaseScriptingObjects (0ms)
			CreateAndSetChildDomain (1ms)
		EndReloadAssembly (376ms)
			LoadAssemblies (46ms)
			RebuildTransferFunctionScriptingTraits (0ms)
			SetupTypeCache (130ms)
			ReleaseScriptCaches (0ms)
			RebuildScriptCaches (26ms)
			SetupLoadedEditorAssemblies (139ms)
				LogAssemblyErrors (0ms)
				InitializePlatformSupportModulesInManaged (4ms)
				SetLoadedEditorAssemblies (0ms)
				RefreshPlugins (32ms)
				BeforeProcessingInitializeOnLoad (7ms)
				ProcessInitializeOnLoadAttributes (70ms)
				ProcessInitializeOnLoadMethodAttributes (24ms)
				AfterProcessingInitializeOnLoad (0ms)
				EditorAssembliesLoaded (2ms)
			ExecutionOrderSort2 (0ms)
			AwakeInstancesAfterBackupRestoration (0ms)
Platform modules already initialized, skipping
Registering precompiled user dll's ...
Registered in 0.003236 seconds.
Begin MonoManager ReloadAssembly
Native extension for WindowsStandalone target not found
Native extension for OSXStandalone target not found
Native extension for WebGL target not found
Refreshing native plugins compatible for Editor in 0.39 ms, found 2 plugins.
Preloading 0 native plugins for Editor in 0.00 ms.
Mono: successfully reloaded assembly
- Completed reload, in  0.836 seconds
Domain Reload Profiling:
	ReloadAssembly (837ms)
		BeginReloadAssembly (119ms)
			ExecutionOrderSort (0ms)
			DisableScriptedObjects (4ms)
			BackupInstance (0ms)
			ReleaseScriptingObjects (0ms)
			CreateAndSetChildDomain (15ms)
		EndReloadAssembly (667ms)
			LoadAssemblies (68ms)
			RebuildTransferFunctionScriptingTraits (0ms)
			SetupTypeCache (236ms)
			ReleaseScriptCaches (0ms)
			RebuildScriptCaches (36ms)
			SetupLoadedEditorAssemblies (247ms)
				LogAssemblyErrors (0ms)
				InitializePlatformSupportModulesInManaged (5ms)
				SetLoadedEditorAssemblies (0ms)
				RefreshPlugins (0ms)
				BeforeProcessingInitializeOnLoad (44ms)
				ProcessInitializeOnLoadAttributes (185ms)
				ProcessInitializeOnLoadMethodAttributes (7ms)
				AfterProcessingInitializeOnLoad (4ms)
				EditorAssembliesLoaded (0ms)
			ExecutionOrderSort2 (0ms)
			AwakeInstancesAfterBackupRestoration (7ms)
Platform modules already initialized, skipping
========================================================================
Worker process is ready to serve import requests
Launched and connected shader compiler UnityShaderCompiler.exe after 0.04 seconds
Refreshing native plugins compatible for Editor in 0.40 ms, found 2 plugins.
Preloading 0 native plugins for Editor in 0.00 ms.
Unloading 1512 Unused Serialized files (Serialized files now loaded: 0)
System memory in use before: 71.4 MB.
System memory in use after: 71.4 MB.

Unloading 19 unused Assets to reduce memory usage. Loaded Objects now: 1952.
Total: 2.532900 ms (FindLiveObjects: 0.134500 ms CreateObjectMapping: 0.040200 ms MarkObjects: 2.302600 ms  DeleteObjects: 0.054800 ms)

AssetImportParameters requested are different than current active one (requested -> active):
  custom:framework-win-MediaFoundation: 216162199b28c13a410421893ffa2e32 -> 
  custom:video-decoder-ogg-theora: a1e56fd34408186e4bbccfd4996cb3dc -> 
  custom:container-muxer-webm: aa71ff27fc2769a1b78a27578f13a17b -> 
  custom:container-demuxer-webm: 4f35f7cbe854078d1ac9338744f61a02 -> 
  custom:container-demuxer-ogg: 62fdf1f143b41e24485cea50d1cbac27 -> 
  custom:video-encoder-webm-vp8: eb34c28f22e8b96e1ab97ce403110664 -> 
  custom:video-decoder-webm-vp8: 9c59270c3fd7afecdb556c50c9e8de78 -> 
  custom:audio-decoder-ogg-vorbis: bf7c407c2cedff20999df2af8eb42d56 -> 
  custom:audio-encoder-webm-vorbis: bf7c407c2cedff20999df2af8eb42d56 -> 
========================================================================
Received Import Request.
  path: Assets/Assets/Sonidos/piano 4.mp3
  artifactKey: Guid(db62dc0f75ab4a14183818f3e21c92de) Importer(815301076,1909f56bfc062723c751e8b465ee728b)
Start importing Assets/Assets/Sonidos/piano 4.mp3 using Guid(db62dc0f75ab4a14183818f3e21c92de) Importer(815301076,1909f56bfc062723c751e8b465ee728b)  -> (artifact id: 'c3ede29fbebd286899e100ee05d90d81') in 0.197293 seconds 
  Import took 0.200066 seconds .

========================================================================
Received Import Request.
  Time since last request: 0.000287 seconds.
  path: Assets/Assets/Sonidos/susto.mp3
  artifactKey: Guid(5977c78357e8744479ce007f6a8961d5) Importer(815301076,1909f56bfc062723c751e8b465ee728b)
Start importing Assets/Assets/Sonidos/susto.mp3 using Guid(5977c78357e8744479ce007f6a8961d5) Importer(815301076,1909f56bfc062723c751e8b465ee728b)  -> (artifact id: '203219e8eabb91850a985d0272e8a1c5') in 0.007536 seconds 
  Import took 0.009552 seconds .

========================================================================
Received Import Request.
  Time since last request: 0.000241 seconds.
  path: Assets/Assets/Sonidos/Sonido interruptor.mp3
  artifactKey: Guid(72569f5eba26b9748b280998c44008b6) Importer(815301076,1909f56bfc062723c751e8b465ee728b)
Start importing Assets/Assets/Sonidos/Sonido interruptor.mp3 using Guid(72569f5eba26b9748b280998c44008b6) Importer(815301076,1909f56bfc062723c751e8b465ee728b)  -> (artifact id: '92789fe5e5acfbf8017603545320b62b') in 0.006024 seconds 
  Import took 0.007945 seconds .

========================================================================
Received Import Request.
  Time since last request: 0.000223 seconds.
  path: Assets/Assets/Sonidos/tv cambio de canal.mp3
  artifactKey: Guid(9d11c26008db66c4e82face3abd8a665) Importer(815301076,1909f56bfc062723c751e8b465ee728b)
Start importing Assets/Assets/Sonidos/tv cambio de canal.mp3 using Guid(9d11c26008db66c4e82face3abd8a665) Importer(815301076,1909f56bfc062723c751e8b465ee728b)  -> (artifact id: 'f2ada5ecf0b0e6334088791a8a8fa551') in 0.008685 seconds 
  Import took 0.010713 seconds .

========================================================================
Received Import Request.
  Time since last request: 0.000226 seconds.
  path: Assets/Assets/Sonidos/bombilla parapadeando.mp3
  artifactKey: Guid(113f5cf565f393c40a8bc535ab8eada9) Importer(815301076,1909f56bfc062723c751e8b465ee728b)
Start importing Assets/Assets/Sonidos/bombilla parapadeando.mp3 using Guid(113f5cf565f393c40a8bc535ab8eada9) Importer(815301076,1909f56bfc062723c751e8b465ee728b)  -> (artifact id: 'b1030f003a4b98e743c360156884701f') in 0.007032 seconds 
  Import took 0.009094 seconds .

========================================================================
Received Import Request.
  Time since last request: 0.000354 seconds.
  path: Assets/Assets/Sonidos/cristal 2.mp3
  artifactKey: Guid(d0e168367301f654789c346faaf9b198) Importer(815301076,1909f56bfc062723c751e8b465ee728b)
Start importing Assets/Assets/Sonidos/cristal 2.mp3 using Guid(d0e168367301f654789c346faaf9b198) Importer(815301076,1909f56bfc062723c751e8b465ee728b)  -> (artifact id: '6764a6487a80703b1e615649cc1a859a') in 0.005593 seconds 
  Import took 0.007895 seconds .

========================================================================
Received Import Request.
  Time since last request: 0.000287 seconds.
  path: Assets/Assets/Sonidos/sonido cantico terroristas.mp3
  artifactKey: Guid(cfa7a6828f223514dbbba8738291fcba) Importer(815301076,1909f56bfc062723c751e8b465ee728b)
Start importing Assets/Assets/Sonidos/sonido cantico terroristas.mp3 using Guid(cfa7a6828f223514dbbba8738291fcba) Importer(815301076,1909f56bfc062723c751e8b465ee728b)  -> (artifact id: '2b38a62e78c3bfe88aa9a9edf5fead78') in 0.006012 seconds 
  Import took 0.007957 seconds .

========================================================================
Received Import Request.
  Time since last request: 0.000217 seconds.
  path: Assets/Assets/Sonidos/sonido boton bloqueado.mp3
  artifactKey: Guid(8c8c148bb6f86ee44bee154c52c0230f) Importer(815301076,1909f56bfc062723c751e8b465ee728b)
Start importing Assets/Assets/Sonidos/sonido boton bloqueado.mp3 using Guid(8c8c148bb6f86ee44bee154c52c0230f) Importer(815301076,1909f56bfc062723c751e8b465ee728b)  -> (artifact id: 'b52cd251ea8ae71c9e0fcc498ba7bc04') in 0.005555 seconds 
  Import took 0.007622 seconds .

========================================================================
Received Import Request.
  Time since last request: 0.000245 seconds.
  path: Assets/Assets/Sonidos/Tv encender.mp3
  artifactKey: Guid(6985bc2e75f90e44c8ae02c93a405b69) Importer(815301076,1909f56bfc062723c751e8b465ee728b)
Start importing Assets/Assets/Sonidos/Tv encender.mp3 using Guid(6985bc2e75f90e44c8ae02c93a405b69) Importer(815301076,1909f56bfc062723c751e8b465ee728b)  -> (artifact id: '86a04a672d8d3ca6b0f224ff0ffd66a5') in 0.005892 seconds 
  Import took 0.008290 seconds .

========================================================================
Received Import Request.
  Time since last request: 0.000269 seconds.
  path: Assets/Assets/Sonidos/bombilla encendida 2.mp3
  artifactKey: Guid(2f657698adfe7ab448d46a74c86b35da) Importer(815301076,1909f56bfc062723c751e8b465ee728b)
Start importing Assets/Assets/Sonidos/bombilla encendida 2.mp3 using Guid(2f657698adfe7ab448d46a74c86b35da) Importer(815301076,1909f56bfc062723c751e8b465ee728b)  -> (artifact id: '2555514094fb799fd79429827800caf2') in 0.005424 seconds 
  Import took 0.007845 seconds .

========================================================================
Received Import Request.
  Time since last request: 0.000342 seconds.
  path: Assets/Assets/Sonidos/cristal 1.mp3
  artifactKey: Guid(f232afa999bd45747947ca54a84a29a8) Importer(815301076,1909f56bfc062723c751e8b465ee728b)
Start importing Assets/Assets/Sonidos/cristal 1.mp3 using Guid(f232afa999bd45747947ca54a84a29a8) Importer(815301076,1909f56bfc062723c751e8b465ee728b)  -> (artifact id: '28c66ecd6ab9931a8ceae0efb4f2043f') in 0.005650 seconds 
  Import took 0.007769 seconds .

========================================================================
Received Import Request.
  Time since last request: 0.000218 seconds.
  path: Assets/Assets/Sonidos/explosion 2.mp3
  artifactKey: Guid(84425f00ce2349d438c1da29856a3ef1) Importer(815301076,1909f56bfc062723c751e8b465ee728b)
Start importing Assets/Assets/Sonidos/explosion 2.mp3 using Guid(84425f00ce2349d438c1da29856a3ef1) Importer(815301076,1909f56bfc062723c751e8b465ee728b)  -> (artifact id: 'a2cc438e370084d836543dfb9e364ff3') in 0.006708 seconds 
  Import took 0.010474 seconds .

========================================================================
Received Import Request.
  Time since last request: 0.000229 seconds.
  path: Assets/Assets/Sonidos/sonido interruptor 2.mp3
  artifactKey: Guid(4351d50829b4e9140a9886215e822648) Importer(815301076,1909f56bfc062723c751e8b465ee728b)
Start importing Assets/Assets/Sonidos/sonido interruptor 2.mp3 using Guid(4351d50829b4e9140a9886215e822648) Importer(815301076,1909f56bfc062723c751e8b465ee728b)  -> (artifact id: '29063522347f9032d5de58bf0153dc9a') in 0.006836 seconds 
  Import took 0.008966 seconds .

========================================================================
Received Import Request.
  Time since last request: 0.000473 seconds.
  path: Assets/Assets/Sonidos/piano 3.mp3
  artifactKey: Guid(865c016c0c3bba64480c7641e74261a1) Importer(815301076,1909f56bfc062723c751e8b465ee728b)
Start importing Assets/Assets/Sonidos/piano 3.mp3 using Guid(865c016c0c3bba64480c7641e74261a1) Importer(815301076,1909f56bfc062723c751e8b465ee728b)  -> (artifact id: 'ff55909d7a8bf94e4d1db7e7f0087d1d') in 0.006050 seconds 
  Import took 0.008580 seconds .

========================================================================
Received Import Request.
  Time since last request: 0.000230 seconds.
  path: Assets/Assets/Sonidos/disparos 4.mp3
  artifactKey: Guid(0e94cb4b52c548f46a4a809e37ad4614) Importer(815301076,1909f56bfc062723c751e8b465ee728b)
Start importing Assets/Assets/Sonidos/disparos 4.mp3 using Guid(0e94cb4b52c548f46a4a809e37ad4614) Importer(815301076,1909f56bfc062723c751e8b465ee728b)  -> (artifact id: 'f9780852f4d9bad1beac7d97d4a80a92') in 0.005968 seconds 
  Import took 0.007963 seconds .

========================================================================
Received Import Request.
  Time since last request: 0.000281 seconds.
  path: Assets/Assets/Sonidos/explosion 4.mp3
  artifactKey: Guid(81e5605264ae39e44814165e67cc0d3b) Importer(815301076,1909f56bfc062723c751e8b465ee728b)
Start importing Assets/Assets/Sonidos/explosion 4.mp3 using Guid(81e5605264ae39e44814165e67cc0d3b) Importer(815301076,1909f56bfc062723c751e8b465ee728b)  -> (artifact id: 'af937d99a6b707c32360f98aa70b880f') in 0.005597 seconds 
  Import took 0.007587 seconds .

========================================================================
Received Import Request.
  Time since last request: 0.000352 seconds.
  path: Assets/Assets/Sonidos/piano.mp3
  artifactKey: Guid(7b9f678408e2d80498cda9557408861e) Importer(815301076,1909f56bfc062723c751e8b465ee728b)
Start importing Assets/Assets/Sonidos/piano.mp3 using Guid(7b9f678408e2d80498cda9557408861e) Importer(815301076,1909f56bfc062723c751e8b465ee728b)  -> (artifact id: 'fbe85c9df8a08974ede5d32762bb7d7c') in 0.006332 seconds 
  Import took 0.008584 seconds .

========================================================================
Received Import Request.
  Time since last request: 0.000257 seconds.
  path: Assets/Assets/Sonidos/cristal 4.mp3
  artifactKey: Guid(3845ab39d28941b4b9941d5e65736db6) Importer(815301076,1909f56bfc062723c751e8b465ee728b)
Start importing Assets/Assets/Sonidos/cristal 4.mp3 using Guid(3845ab39d28941b4b9941d5e65736db6) Importer(815301076,1909f56bfc062723c751e8b465ee728b)  -> (artifact id: '7b414f25f230fc617fc8002c4adfa0a3') in 0.006391 seconds 
  Import took 0.008448 seconds .

========================================================================
Received Import Request.
  Time since last request: 0.000271 seconds.
  path: Assets/Assets/Sonidos/sonido susto 1.mp3
  artifactKey: Guid(ce03ca69b60f34d44bbd35e673e31fd5) Importer(815301076,1909f56bfc062723c751e8b465ee728b)
Start importing Assets/Assets/Sonidos/sonido susto 1.mp3 using Guid(ce03ca69b60f34d44bbd35e673e31fd5) Importer(815301076,1909f56bfc062723c751e8b465ee728b)  -> (artifact id: '9c7ddadcb0bf265025c851881d6bb95c') in 0.007480 seconds 
  Import took 0.009601 seconds .

========================================================================
Received Import Request.
  Time since last request: 0.000254 seconds.
  path: Assets/Assets/Sonidos/cristal 3.mp3
  artifactKey: Guid(1cc945ad09d91bf48885373e42f357e4) Importer(815301076,1909f56bfc062723c751e8b465ee728b)
Start importing Assets/Assets/Sonidos/cristal 3.mp3 using Guid(1cc945ad09d91bf48885373e42f357e4) Importer(815301076,1909f56bfc062723c751e8b465ee728b)  -> (artifact id: '87647645765f83fd3e0706e6ecbf0b40') in 0.006072 seconds 
  Import took 0.008165 seconds .

========================================================================
Received Import Request.
  Time since last request: 0.000269 seconds.
  path: Assets/Assets/Sonidos/piano terror.mp3
  artifactKey: Guid(7e3505bc2ac123c429e296ba8d162500) Importer(815301076,1909f56bfc062723c751e8b465ee728b)
Start importing Assets/Assets/Sonidos/piano terror.mp3 using Guid(7e3505bc2ac123c429e296ba8d162500) Importer(815301076,1909f56bfc062723c751e8b465ee728b)  -> (artifact id: '81ccaa70ef7f59f50742f73ce2658863') in 0.007412 seconds 
  Import took 0.009474 seconds .

========================================================================
Received Import Request.
  Time since last request: 0.000295 seconds.
  path: Assets/Assets/Sonidos/sonido de desbloqueo de una cerradura.mp3
  artifactKey: Guid(fe93d98d93468e24e945e3ed853023ad) Importer(815301076,1909f56bfc062723c751e8b465ee728b)
Start importing Assets/Assets/Sonidos/sonido de desbloqueo de una cerradura.mp3 using Guid(fe93d98d93468e24e945e3ed853023ad) Importer(815301076,1909f56bfc062723c751e8b465ee728b)  -> (artifact id: 'c410c0b7c0ee218340abcb1575486d0a') in 0.005929 seconds 
  Import took 0.008017 seconds .

========================================================================
Received Import Request.
  Time since last request: 0.000254 seconds.
  path: Assets/Assets/Sonidos/respiracion pj.mp3
  artifactKey: Guid(1691a49fee01ac941a22437311e2c403) Importer(815301076,1909f56bfc062723c751e8b465ee728b)
Start importing Assets/Assets/Sonidos/respiracion pj.mp3 using Guid(1691a49fee01ac941a22437311e2c403) Importer(815301076,1909f56bfc062723c751e8b465ee728b)  -> (artifact id: '2049f96e54a8dc3ad341022192cb0ee9') in 0.006701 seconds 
  Import took 0.008791 seconds .

========================================================================
Received Import Request.
  Time since last request: 0.000218 seconds.
  path: Assets/Assets/Sonidos/explosion 3.mp3
  artifactKey: Guid(399d672f097da9e48bf0ddadb1382e21) Importer(815301076,1909f56bfc062723c751e8b465ee728b)
Start importing Assets/Assets/Sonidos/explosion 3.mp3 using Guid(399d672f097da9e48bf0ddadb1382e21) Importer(815301076,1909f56bfc062723c751e8b465ee728b)  -> (artifact id: '7ef8764ddcb6525e7cac22dd16609b54') in 0.007476 seconds 
  Import took 0.009672 seconds .

========================================================================
Received Import Request.
  Time since last request: 0.000246 seconds.
  path: Assets/Assets/Sonidos/disparos 3.mp3
  artifactKey: Guid(33c1dbeb81b6bfa4ba01e32722c4dd71) Importer(815301076,1909f56bfc062723c751e8b465ee728b)
Start importing Assets/Assets/Sonidos/disparos 3.mp3 using Guid(33c1dbeb81b6bfa4ba01e32722c4dd71) Importer(815301076,1909f56bfc062723c751e8b465ee728b)  -> (artifact id: '07f730107fa8d9f098caccb414f129d0') in 0.005485 seconds 
  Import took 0.007452 seconds .

========================================================================
Received Import Request.
  Time since last request: 0.000242 seconds.
  path: Assets/Assets/Sonidos/bombilla parpadeando 2.mp3
  artifactKey: Guid(68034f25d34723842b9a0701f3b4ecbd) Importer(815301076,1909f56bfc062723c751e8b465ee728b)
Start importing Assets/Assets/Sonidos/bombilla parpadeando 2.mp3 using Guid(68034f25d34723842b9a0701f3b4ecbd) Importer(815301076,1909f56bfc062723c751e8b465ee728b)  -> (artifact id: '56345bddc8cbfc08c8b2e52fe5d6467d') in 0.007036 seconds 
  Import took 0.010892 seconds .

========================================================================
Received Import Request.
  Time since last request: 0.000278 seconds.
  path: Assets/Assets/Sonidos/piano 2.mp3
  artifactKey: Guid(cd43768e0c47c8e4b9bd476f931101ee) Importer(815301076,1909f56bfc062723c751e8b465ee728b)
Start importing Assets/Assets/Sonidos/piano 2.mp3 using Guid(cd43768e0c47c8e4b9bd476f931101ee) Importer(815301076,1909f56bfc062723c751e8b465ee728b)  -> (artifact id: '21d0c1325688b1c18d210e5b738c8d4e') in 0.007231 seconds 
  Import took 0.009508 seconds .

========================================================================
Received Import Request.
  Time since last request: 0.000230 seconds.
  path: Assets/Assets/Sonidos/sonido aficionados 1.mp3
  artifactKey: Guid(e5f5683d61ed47b4db7bd4a29f87ced8) Importer(815301076,1909f56bfc062723c751e8b465ee728b)
Start importing Assets/Assets/Sonidos/sonido aficionados 1.mp3 using Guid(e5f5683d61ed47b4db7bd4a29f87ced8) Importer(815301076,1909f56bfc062723c751e8b465ee728b)  -> (artifact id: '83459bba271936ca536319776dc0bce1') in 0.005695 seconds 
  Import took 0.007759 seconds .

========================================================================
Received Import Request.
  Time since last request: 0.000266 seconds.
  path: Assets/Assets/Sonidos/disparos 2.mp3
  artifactKey: Guid(59ca4992a8d82014b890ccacd8dfba14) Importer(815301076,1909f56bfc062723c751e8b465ee728b)
Start importing Assets/Assets/Sonidos/disparos 2.mp3 using Guid(59ca4992a8d82014b890ccacd8dfba14) Importer(815301076,1909f56bfc062723c751e8b465ee728b)  -> (artifact id: '0d8c38e897153c75b80d4ae5b7ec87c2') in 0.005777 seconds 
  Import took 0.008254 seconds .

========================================================================
Received Import Request.
  Time since last request: 0.000261 seconds.
  path: Assets/Assets/Sonidos/bombilla encendida.mp3
  artifactKey: Guid(45b1fddd820823140ab64091e6180d89) Importer(815301076,1909f56bfc062723c751e8b465ee728b)
Start importing Assets/Assets/Sonidos/bombilla encendida.mp3 using Guid(45b1fddd820823140ab64091e6180d89) Importer(815301076,1909f56bfc062723c751e8b465ee728b)  -> (artifact id: 'f4d6cfb69e25f76f2175dde25a78de1b') in 0.005596 seconds 
  Import took 0.007640 seconds .

========================================================================
Received Import Request.
  Time since last request: 0.000267 seconds.
  path: Assets/Assets/Sonidos/sonido interruptor 3.mp3
  artifactKey: Guid(0b8275fe876e7e246af91150eb8145b6) Importer(815301076,1909f56bfc062723c751e8b465ee728b)
Start importing Assets/Assets/Sonidos/sonido interruptor 3.mp3 using Guid(0b8275fe876e7e246af91150eb8145b6) Importer(815301076,1909f56bfc062723c751e8b465ee728b)  -> (artifact id: '2b90176c5822b51d108d5305e8467f5f') in 0.006255 seconds 
  Import took 0.008301 seconds .

========================================================================
Received Import Request.
  Time since last request: 0.000163 seconds.
  path: Assets/Assets/Sonidos/bombilla parpadenado 3.mp3
  artifactKey: Guid(ca6a1ba3e067c4d40ad5d1eeca91139a) Importer(815301076,1909f56bfc062723c751e8b465ee728b)
Start importing Assets/Assets/Sonidos/bombilla parpadenado 3.mp3 using Guid(ca6a1ba3e067c4d40ad5d1eeca91139a) Importer(815301076,1909f56bfc062723c751e8b465ee728b)  -> (artifact id: '3ebe58adb94be82c174f1423c81f4f79') in 0.006132 seconds 
  Import took 0.008073 seconds .

========================================================================
Received Import Request.
  Time since last request: 0.000310 seconds.
  path: Assets/Assets/Sonidos/canciones aficionados 2.mp3
  artifactKey: Guid(147e48a2b1461d24eb10372b4335cfb0) Importer(815301076,1909f56bfc062723c751e8b465ee728b)
Start importing Assets/Assets/Sonidos/canciones aficionados 2.mp3 using Guid(147e48a2b1461d24eb10372b4335cfb0) Importer(815301076,1909f56bfc062723c751e8b465ee728b)  -> (artifact id: '715df5628810e4249c7e5c6572122c37') in 0.005794 seconds 
  Import took 0.007883 seconds .

========================================================================
Received Import Request.
  Time since last request: 0.000222 seconds.
  path: Assets/Assets/Sonidos/respiracion asustado pj.mp3
  artifactKey: Guid(4b1daa02d678f6f4e85f1579544be59b) Importer(815301076,1909f56bfc062723c751e8b465ee728b)
Start importing Assets/Assets/Sonidos/respiracion asustado pj.mp3 using Guid(4b1daa02d678f6f4e85f1579544be59b) Importer(815301076,1909f56bfc062723c751e8b465ee728b)  -> (artifact id: '173d555f18cb329d1eb88d95b2965b94') in 0.007498 seconds 
  Import took 0.009715 seconds .

========================================================================
Received Import Request.
  Time since last request: 0.000213 seconds.
  path: Assets/Assets/Sonidos/disparos 5.mp3
  artifactKey: Guid(f47230c425ebef146906ca1f2fc8ae75) Importer(815301076,1909f56bfc062723c751e8b465ee728b)
Start importing Assets/Assets/Sonidos/disparos 5.mp3 using Guid(f47230c425ebef146906ca1f2fc8ae75) Importer(815301076,1909f56bfc062723c751e8b465ee728b)  -> (artifact id: '50a7d0f2e15de1824d303f3b937bbd00') in 0.006672 seconds 
  Import took 0.008613 seconds .

========================================================================
Received Import Request.
  Time since last request: 0.000276 seconds.
  path: Assets/Assets/Sonidos/explosion 1.mp3
  artifactKey: Guid(f7bd52a37b7324444a47238747a876d1) Importer(815301076,1909f56bfc062723c751e8b465ee728b)
Start importing Assets/Assets/Sonidos/explosion 1.mp3 using Guid(f7bd52a37b7324444a47238747a876d1) Importer(815301076,1909f56bfc062723c751e8b465ee728b)  -> (artifact id: 'ecc37b648688ad28b8470270e1c4270c') in 0.005860 seconds 
  Import took 0.007860 seconds .

========================================================================
Received Import Request.
  Time since last request: 0.000187 seconds.
  path: Assets/Assets/Sonidos/canciones aficionados 3.mp3
  artifactKey: Guid(b9f959a6c8171b04199433e1ff97b489) Importer(815301076,1909f56bfc062723c751e8b465ee728b)
Start importing Assets/Assets/Sonidos/canciones aficionados 3.mp3 using Guid(b9f959a6c8171b04199433e1ff97b489) Importer(815301076,1909f56bfc062723c751e8b465ee728b)  -> (artifact id: '41a0a4c5e6e06fd5064d90c059e04075') in 0.006726 seconds 
  Import took 0.008658 seconds .

========================================================================
Received Import Request.
  Time since last request: 0.000224 seconds.
  path: Assets/Assets/Sonidos/disparos.mp3
  artifactKey: Guid(a1c5a8394b239ac4e8abc41c45eef795) Importer(815301076,1909f56bfc062723c751e8b465ee728b)
Start importing Assets/Assets/Sonidos/disparos.mp3 using Guid(a1c5a8394b239ac4e8abc41c45eef795) Importer(815301076,1909f56bfc062723c751e8b465ee728b)  -> (artifact id: '5f947f3782d76ec6695cf2818517d1e0') in 0.005834 seconds 
  Import took 0.007819 seconds .

========================================================================
Received Import Request.
  Time since last request: 0.000262 seconds.
  path: Assets/Assets/Sonidos/bombilla parpadeando 4.mp3
  artifactKey: Guid(6d9d37607f916d14792d6209edfab44e) Importer(815301076,1909f56bfc062723c751e8b465ee728b)
Start importing Assets/Assets/Sonidos/bombilla parpadeando 4.mp3 using Guid(6d9d37607f916d14792d6209edfab44e) Importer(815301076,1909f56bfc062723c751e8b465ee728b)  -> (artifact id: '635c60225917ec1bbab318c0fe76ee12') in 0.005075 seconds 
  Import took 0.007082 seconds .

========================================================================
Received Prepare
Registering precompiled user dll's ...
Registered in 0.003119 seconds.
Begin MonoManager ReloadAssembly
Native extension for WindowsStandalone target not found
Native extension for OSXStandalone target not found
Native extension for WebGL target not found
Refreshing native plugins compatible for Editor in 0.35 ms, found 2 plugins.
Preloading 0 native plugins for Editor in 0.00 ms.
Mono: successfully reloaded assembly
- Completed reload, in  0.762 seconds
Domain Reload Profiling:
	ReloadAssembly (762ms)
		BeginReloadAssembly (92ms)
			ExecutionOrderSort (0ms)
			DisableScriptedObjects (4ms)
			BackupInstance (0ms)
			ReleaseScriptingObjects (0ms)
			CreateAndSetChildDomain (27ms)
		EndReloadAssembly (621ms)
			LoadAssemblies (68ms)
			RebuildTransferFunctionScriptingTraits (0ms)
			SetupTypeCache (225ms)
			ReleaseScriptCaches (1ms)
			RebuildScriptCaches (30ms)
			SetupLoadedEditorAssemblies (221ms)
				LogAssemblyErrors (0ms)
				InitializePlatformSupportModulesInManaged (6ms)
				SetLoadedEditorAssemblies (0ms)
				RefreshPlugins (0ms)
				BeforeProcessingInitializeOnLoad (40ms)
				ProcessInitializeOnLoadAttributes (164ms)
				ProcessInitializeOnLoadMethodAttributes (7ms)
				AfterProcessingInitializeOnLoad (4ms)
				EditorAssembliesLoaded (0ms)
			ExecutionOrderSort2 (0ms)
			AwakeInstancesAfterBackupRestoration (6ms)
Platform modules already initialized, skipping
Refreshing native plugins compatible for Editor in 0.37 ms, found 2 plugins.
Preloading 0 native plugins for Editor in 0.00 ms.
Unloading 1500 Unused Serialized files (Serialized files now loaded: 0)
System memory in use before: 73.8 MB.
System memory in use after: 73.9 MB.

Unloading 14 unused Assets to reduce memory usage. Loaded Objects now: 1963.
Total: 2.458500 ms (FindLiveObjects: 0.133300 ms CreateObjectMapping: 0.043500 ms MarkObjects: 2.263400 ms  DeleteObjects: 0.017400 ms)

AssetImportParameters requested are different than current active one (requested -> active):
  custom:framework-win-MediaFoundation: 216162199b28c13a410421893ffa2e32 -> 
  custom:video-decoder-ogg-theora: a1e56fd34408186e4bbccfd4996cb3dc -> 
  custom:container-muxer-webm: aa71ff27fc2769a1b78a27578f13a17b -> 
  custom:container-demuxer-webm: 4f35f7cbe854078d1ac9338744f61a02 -> 
  custom:container-demuxer-ogg: 62fdf1f143b41e24485cea50d1cbac27 -> 
  custom:video-encoder-webm-vp8: eb34c28f22e8b96e1ab97ce403110664 -> 
  custom:video-decoder-webm-vp8: 9c59270c3fd7afecdb556c50c9e8de78 -> 
  custom:audio-decoder-ogg-vorbis: bf7c407c2cedff20999df2af8eb42d56 -> 
  custom:audio-encoder-webm-vorbis: bf7c407c2cedff20999df2af8eb42d56 -> 
========================================================================
Received Prepare
Registering precompiled user dll's ...
Registered in 0.003535 seconds.
Begin MonoManager ReloadAssembly
Native extension for WindowsStandalone target not found
Native extension for OSXStandalone target not found
Native extension for WebGL target not found
Refreshing native plugins compatible for Editor in 0.35 ms, found 2 plugins.
Preloading 0 native plugins for Editor in 0.00 ms.
Mono: successfully reloaded assembly
- Completed reload, in  0.801 seconds
Domain Reload Profiling:
	ReloadAssembly (801ms)
		BeginReloadAssembly (99ms)
			ExecutionOrderSort (0ms)
			DisableScriptedObjects (4ms)
			BackupInstance (0ms)
			ReleaseScriptingObjects (0ms)
			CreateAndSetChildDomain (28ms)
		EndReloadAssembly (652ms)
			LoadAssemblies (69ms)
			RebuildTransferFunctionScriptingTraits (0ms)
			SetupTypeCache (232ms)
			ReleaseScriptCaches (1ms)
			RebuildScriptCaches (32ms)
			SetupLoadedEditorAssemblies (241ms)
				LogAssemblyErrors (0ms)
				InitializePlatformSupportModulesInManaged (5ms)
				SetLoadedEditorAssemblies (0ms)
				RefreshPlugins (0ms)
				BeforeProcessingInitializeOnLoad (40ms)
				ProcessInitializeOnLoadAttributes (179ms)
				ProcessInitializeOnLoadMethodAttributes (10ms)
				AfterProcessingInitializeOnLoad (5ms)
				EditorAssembliesLoaded (0ms)
			ExecutionOrderSort2 (0ms)
			AwakeInstancesAfterBackupRestoration (6ms)
Platform modules already initialized, skipping
Refreshing native plugins compatible for Editor in 0.36 ms, found 2 plugins.
Preloading 0 native plugins for Editor in 0.00 ms.
Unloading 1500 Unused Serialized files (Serialized files now loaded: 0)
System memory in use before: 73.8 MB.
System memory in use after: 73.9 MB.

Unloading 14 unused Assets to reduce memory usage. Loaded Objects now: 1965.
Total: 2.537600 ms (FindLiveObjects: 0.116400 ms CreateObjectMapping: 0.034000 ms MarkObjects: 2.371500 ms  DeleteObjects: 0.014500 ms)

AssetImportParameters requested are different than current active one (requested -> active):
  custom:framework-win-MediaFoundation: 216162199b28c13a410421893ffa2e32 -> 
  custom:video-decoder-ogg-theora: a1e56fd34408186e4bbccfd4996cb3dc -> 
  custom:container-muxer-webm: aa71ff27fc2769a1b78a27578f13a17b -> 
  custom:container-demuxer-webm: 4f35f7cbe854078d1ac9338744f61a02 -> 
  custom:container-demuxer-ogg: 62fdf1f143b41e24485cea50d1cbac27 -> 
  custom:video-encoder-webm-vp8: eb34c28f22e8b96e1ab97ce403110664 -> 
  custom:video-decoder-webm-vp8: 9c59270c3fd7afecdb556c50c9e8de78 -> 
  custom:audio-decoder-ogg-vorbis: bf7c407c2cedff20999df2af8eb42d56 -> 
  custom:audio-encoder-webm-vorbis: bf7c407c2cedff20999df2af8eb42d56 -> 
========================================================================
Received Prepare
Registering precompiled user dll's ...
Registered in 0.003111 seconds.
Begin MonoManager ReloadAssembly
Native extension for WindowsStandalone target not found
Native extension for OSXStandalone target not found
Native extension for WebGL target not found
Refreshing native plugins compatible for Editor in 0.35 ms, found 2 plugins.
Preloading 0 native plugins for Editor in 0.00 ms.
Mono: successfully reloaded assembly
- Completed reload, in  0.820 seconds
Domain Reload Profiling:
	ReloadAssembly (820ms)
		BeginReloadAssembly (105ms)
			ExecutionOrderSort (0ms)
			DisableScriptedObjects (8ms)
			BackupInstance (0ms)
			ReleaseScriptingObjects (0ms)
			CreateAndSetChildDomain (36ms)
		EndReloadAssembly (664ms)
			LoadAssemblies (70ms)
			RebuildTransferFunctionScriptingTraits (0ms)
			SetupTypeCache (235ms)
			ReleaseScriptCaches (1ms)
			RebuildScriptCaches (31ms)
			SetupLoadedEditorAssemblies (251ms)
				LogAssemblyErrors (0ms)
				InitializePlatformSupportModulesInManaged (5ms)
				SetLoadedEditorAssemblies (0ms)
				RefreshPlugins (0ms)
				BeforeProcessingInitializeOnLoad (39ms)
				ProcessInitializeOnLoadAttributes (195ms)
				ProcessInitializeOnLoadMethodAttributes (7ms)
				AfterProcessingInitializeOnLoad (4ms)
				EditorAssembliesLoaded (0ms)
			ExecutionOrderSort2 (0ms)
			AwakeInstancesAfterBackupRestoration (6ms)
Platform modules already initialized, skipping
Refreshing native plugins compatible for Editor in 0.36 ms, found 2 plugins.
Preloading 0 native plugins for Editor in 0.00 ms.
Unloading 1500 Unused Serialized files (Serialized files now loaded: 0)
System memory in use before: 73.9 MB.
System memory in use after: 74.0 MB.

Unloading 14 unused Assets to reduce memory usage. Loaded Objects now: 1967.
Total: 2.533400 ms (FindLiveObjects: 0.121500 ms CreateObjectMapping: 0.038000 ms MarkObjects: 2.355100 ms  DeleteObjects: 0.017900 ms)

AssetImportParameters requested are different than current active one (requested -> active):
  custom:framework-win-MediaFoundation: 216162199b28c13a410421893ffa2e32 -> 
  custom:video-decoder-ogg-theora: a1e56fd34408186e4bbccfd4996cb3dc -> 
  custom:container-muxer-webm: aa71ff27fc2769a1b78a27578f13a17b -> 
  custom:container-demuxer-webm: 4f35f7cbe854078d1ac9338744f61a02 -> 
  custom:container-demuxer-ogg: 62fdf1f143b41e24485cea50d1cbac27 -> 
  custom:video-encoder-webm-vp8: eb34c28f22e8b96e1ab97ce403110664 -> 
  custom:video-decoder-webm-vp8: 9c59270c3fd7afecdb556c50c9e8de78 -> 
  custom:audio-decoder-ogg-vorbis: bf7c407c2cedff20999df2af8eb42d56 -> 
  custom:audio-encoder-webm-vorbis: bf7c407c2cedff20999df2af8eb42d56 -> 
========================================================================
Received Import Request.
  Time since last request: 998.935235 seconds.
  path: Assets/Assets/Videos/Fu╠ütbol_1.mp4
  artifactKey: Guid(92e36f41cb495415ca2ce958dc804cb6) Importer(815301076,1909f56bfc062723c751e8b465ee728b)
Start importing Assets/Assets/Videos/Fu╠ütbol_1.mp4 using Guid(92e36f41cb495415ca2ce958dc804cb6) Importer(815301076,1909f56bfc062723c751e8b465ee728b)  -> (artifact id: '32ced9cf4cc99caf7b2104c73b9c52da') in 0.020195 seconds 
  Import took 0.023532 seconds .

========================================================================
Received Import Request.
  Time since last request: 0.234915 seconds.
  path: Assets/Assets/Videos/Fu╠ütbol_2.mp4
  artifactKey: Guid(46e3c5aa47a654d0cab89287e4bba3e2) Importer(815301076,1909f56bfc062723c751e8b465ee728b)
Start importing Assets/Assets/Videos/Fu╠ütbol_2.mp4 using Guid(46e3c5aa47a654d0cab89287e4bba3e2) Importer(815301076,1909f56bfc062723c751e8b465ee728b)  -> (artifact id: '6e036a59fd0b8c16f829b3cf3c902fb9') in 0.002125 seconds 
  Import took 0.004311 seconds .

========================================================================
Received Import Request.
  Time since last request: 0.000230 seconds.
  path: Assets/Assets/Videos/Tv 1.mp4
  artifactKey: Guid(2d79fcd48c80740a5a78b982616c34d8) Importer(815301076,1909f56bfc062723c751e8b465ee728b)
Start importing Assets/Assets/Videos/Tv 1.mp4 using Guid(2d79fcd48c80740a5a78b982616c34d8) Importer(815301076,1909f56bfc062723c751e8b465ee728b)  -> (artifact id: 'b913e923ca538bce96266d6b1f461034') in 0.001745 seconds 
  Import took 0.003784 seconds .

========================================================================
Received Import Request.
  Time since last request: 0.000213 seconds.
  path: Assets/Assets/Videos/Fu╠ütbol_3.mp4
  artifactKey: Guid(dde739721a90a49b1bb476f4d3c0c05f) Importer(815301076,1909f56bfc062723c751e8b465ee728b)
Start importing Assets/Assets/Videos/Fu╠ütbol_3.mp4 using Guid(dde739721a90a49b1bb476f4d3c0c05f) Importer(815301076,1909f56bfc062723c751e8b465ee728b)  -> (artifact id: '4542783f7a33216351dd76d4e30f4925') in 0.001797 seconds 
  Import took 0.003742 seconds .

========================================================================
Received Import Request.
  Time since last request: 0.000240 seconds.
  path: Assets/Assets/Videos/Tv 6.mp4
  artifactKey: Guid(6dba7667cc49446c994625d85e41196f) Importer(815301076,1909f56bfc062723c751e8b465ee728b)
Start importing Assets/Assets/Videos/Tv 6.mp4 using Guid(6dba7667cc49446c994625d85e41196f) Importer(815301076,1909f56bfc062723c751e8b465ee728b)  -> (artifact id: '15d6b4f9f6356c759e5274e5737b17ed') in 0.001723 seconds 
  Import took 0.003910 seconds .

========================================================================
Received Import Request.
  Time since last request: 0.000203 seconds.
  path: Assets/Assets/Videos/News video 1.mp4
  artifactKey: Guid(c34385740ffb9438e84577122d1322ad) Importer(815301076,1909f56bfc062723c751e8b465ee728b)
Start importing Assets/Assets/Videos/News video 1.mp4 using Guid(c34385740ffb9438e84577122d1322ad) Importer(815301076,1909f56bfc062723c751e8b465ee728b)  -> (artifact id: 'd8ac227347f4f5423867b19587f77793') in 0.001855 seconds 
  Import took 0.004078 seconds .

========================================================================
Received Import Request.
  Time since last request: 0.000206 seconds.
  path: Assets/Assets/Videos/Tv 4.mp4
  artifactKey: Guid(95f5a920e777e44998a0e5a5825e45b3) Importer(815301076,1909f56bfc062723c751e8b465ee728b)
Start importing Assets/Assets/Videos/Tv 4.mp4 using Guid(95f5a920e777e44998a0e5a5825e45b3) Importer(815301076,1909f56bfc062723c751e8b465ee728b)  -> (artifact id: 'fa25eea0e0cb124fa01d4c46ffdec3d2') in 0.001710 seconds 
  Import took 0.003821 seconds .

========================================================================
Received Import Request.
  Time since last request: 0.000196 seconds.
  path: Assets/Assets/Videos/Tv 5.mp4
  artifactKey: Guid(73bff95dd90524011ae1b9d126cceb3f) Importer(815301076,1909f56bfc062723c751e8b465ee728b)
Start importing Assets/Assets/Videos/Tv 5.mp4 using Guid(73bff95dd90524011ae1b9d126cceb3f) Importer(815301076,1909f56bfc062723c751e8b465ee728b)  -> (artifact id: 'fac38aefacb4ff0b05ce2d625f71cca1') in 0.001714 seconds 
  Import took 0.003766 seconds .

========================================================================
Received Import Request.
  Time since last request: 0.000197 seconds.
  path: Assets/Assets/Videos/Imagen TV static.mp4
  artifactKey: Guid(3d9ba525cece5403681099ac4fcb66c3) Importer(815301076,1909f56bfc062723c751e8b465ee728b)
Start importing Assets/Assets/Videos/Imagen TV static.mp4 using Guid(3d9ba525cece5403681099ac4fcb66c3) Importer(815301076,1909f56bfc062723c751e8b465ee728b)  -> (artifact id: '773b7557407edc686e0917ab934c81b3') in 0.002289 seconds 
  Import took 0.004498 seconds .

========================================================================
Received Import Request.
  Time since last request: 0.000276 seconds.
  path: Assets/Assets/Videos/Fu╠ütbol_4.mp4
  artifactKey: Guid(89b25149e9c7d4dd7abbeb24b4040fe2) Importer(815301076,1909f56bfc062723c751e8b465ee728b)
Start importing Assets/Assets/Videos/Fu╠ütbol_4.mp4 using Guid(89b25149e9c7d4dd7abbeb24b4040fe2) Importer(815301076,1909f56bfc062723c751e8b465ee728b)  -> (artifact id: '747307b97f81bea7ddebe59db2414112') in 0.001852 seconds 
  Import took 0.003928 seconds .

========================================================================
Received Import Request.
  Time since last request: 0.000264 seconds.
  path: Assets/Assets/Videos/Tv 3.mp4
  artifactKey: Guid(8bc0eeadabf4a4abfbe49f2b78dab171) Importer(815301076,1909f56bfc062723c751e8b465ee728b)
Start importing Assets/Assets/Videos/Tv 3.mp4 using Guid(8bc0eeadabf4a4abfbe49f2b78dab171) Importer(815301076,1909f56bfc062723c751e8b465ee728b)  -> (artifact id: '5918508e374101c1fdef7a6ea432a47a') in 0.001687 seconds 
  Import took 0.003706 seconds .

========================================================================
Received Import Request.
  Time since last request: 0.000229 seconds.
  path: Assets/Assets/Videos/Fu╠ütbol_5.mp4
  artifactKey: Guid(0e124c97d260a406aac16b9870b52161) Importer(815301076,1909f56bfc062723c751e8b465ee728b)
Start importing Assets/Assets/Videos/Fu╠ütbol_5.mp4 using Guid(0e124c97d260a406aac16b9870b52161) Importer(815301076,1909f56bfc062723c751e8b465ee728b)  -> (artifact id: '8e9a90b50662565724a0529453858533') in 0.002074 seconds 
  Import took 0.004201 seconds .

========================================================================
Received Import Request.
  Time since last request: 0.000294 seconds.
  path: Assets/Assets/Videos/Tv 2.mp4
  artifactKey: Guid(eb31f7838870a44eea5807e1fdb65b75) Importer(815301076,1909f56bfc062723c751e8b465ee728b)
Start importing Assets/Assets/Videos/Tv 2.mp4 using Guid(eb31f7838870a44eea5807e1fdb65b75) Importer(815301076,1909f56bfc062723c751e8b465ee728b)  -> (artifact id: '68bce4013ff617395d3a61924f5b76d9') in 0.001861 seconds 
  Import took 0.004191 seconds .

========================================================================
Received Prepare
Registering precompiled user dll's ...
Registered in 0.003032 seconds.
Begin MonoManager ReloadAssembly
Native extension for WindowsStandalone target not found
Native extension for OSXStandalone target not found
Native extension for WebGL target not found
Refreshing native plugins compatible for Editor in 0.36 ms, found 2 plugins.
Preloading 0 native plugins for Editor in 0.00 ms.
Mono: successfully reloaded assembly
- Completed reload, in  0.779 seconds
Domain Reload Profiling:
	ReloadAssembly (779ms)
		BeginReloadAssembly (99ms)
			ExecutionOrderSort (0ms)
			DisableScriptedObjects (4ms)
			BackupInstance (0ms)
			ReleaseScriptingObjects (0ms)
			CreateAndSetChildDomain (28ms)
		EndReloadAssembly (633ms)
			LoadAssemblies (66ms)
			RebuildTransferFunctionScriptingTraits (0ms)
			SetupTypeCache (220ms)
			ReleaseScriptCaches (1ms)
			RebuildScriptCaches (30ms)
			SetupLoadedEditorAssemblies (219ms)
				LogAssemblyErrors (0ms)
				InitializePlatformSupportModulesInManaged (6ms)
				SetLoadedEditorAssemblies (0ms)
				RefreshPlugins (0ms)
				BeforeProcessingInitializeOnLoad (38ms)
				ProcessInitializeOnLoadAttributes (163ms)
				ProcessInitializeOnLoadMethodAttributes (8ms)
				AfterProcessingInitializeOnLoad (4ms)
				EditorAssembliesLoaded (0ms)
			ExecutionOrderSort2 (0ms)
			AwakeInstancesAfterBackupRestoration (17ms)
Platform modules already initialized, skipping
Refreshing native plugins compatible for Editor in 0.36 ms, found 2 plugins.
Preloading 0 native plugins for Editor in 0.00 ms.
Unloading 1500 Unused Serialized files (Serialized files now loaded: 0)
System memory in use before: 73.9 MB.
System memory in use after: 74.0 MB.

Unloading 14 unused Assets to reduce memory usage. Loaded Objects now: 1969.
Total: 2.531000 ms (FindLiveObjects: 0.125100 ms CreateObjectMapping: 0.039800 ms MarkObjects: 2.352700 ms  DeleteObjects: 0.012600 ms)

AssetImportParameters requested are different than current active one (requested -> active):
  custom:framework-win-MediaFoundation: 216162199b28c13a410421893ffa2e32 -> 
  custom:video-decoder-ogg-theora: a1e56fd34408186e4bbccfd4996cb3dc -> 
  custom:container-muxer-webm: aa71ff27fc2769a1b78a27578f13a17b -> 
  custom:container-demuxer-webm: 4f35f7cbe854078d1ac9338744f61a02 -> 
  custom:container-demuxer-ogg: 62fdf1f143b41e24485cea50d1cbac27 -> 
  custom:video-encoder-webm-vp8: eb34c28f22e8b96e1ab97ce403110664 -> 
  custom:video-decoder-webm-vp8: 9c59270c3fd7afecdb556c50c9e8de78 -> 
  custom:audio-decoder-ogg-vorbis: bf7c407c2cedff20999df2af8eb42d56 -> 
  custom:audio-encoder-webm-vorbis: bf7c407c2cedff20999df2af8eb42d56 -> 
========================================================================
Received Prepare
Registering precompiled user dll's ...
Registered in 0.002990 seconds.
Begin MonoManager ReloadAssembly
Native extension for WindowsStandalone target not found
Native extension for OSXStandalone target not found
Native extension for WebGL target not found
Refreshing native plugins compatible for Editor in 0.37 ms, found 2 plugins.
Preloading 0 native plugins for Editor in 0.00 ms.
Mono: successfully reloaded assembly
- Completed reload, in  0.777 seconds
Domain Reload Profiling:
	ReloadAssembly (778ms)
		BeginReloadAssembly (94ms)
			ExecutionOrderSort (0ms)
			DisableScriptedObjects (5ms)
			BackupInstance (0ms)
			ReleaseScriptingObjects (0ms)
			CreateAndSetChildDomain (27ms)
		EndReloadAssembly (632ms)
			LoadAssemblies (69ms)
			RebuildTransferFunctionScriptingTraits (0ms)
			SetupTypeCache (229ms)
			ReleaseScriptCaches (1ms)
			RebuildScriptCaches (31ms)
			SetupLoadedEditorAssemblies (226ms)
				LogAssemblyErrors (0ms)
				InitializePlatformSupportModulesInManaged (6ms)
				SetLoadedEditorAssemblies (0ms)
				RefreshPlugins (0ms)
				BeforeProcessingInitializeOnLoad (40ms)
				ProcessInitializeOnLoadAttributes (168ms)
				ProcessInitializeOnLoadMethodAttributes (7ms)
				AfterProcessingInitializeOnLoad (4ms)
				EditorAssembliesLoaded (0ms)
			ExecutionOrderSort2 (0ms)
			AwakeInstancesAfterBackupRestoration (6ms)
Platform modules already initialized, skipping
Refreshing native plugins compatible for Editor in 0.38 ms, found 2 plugins.
Preloading 0 native plugins for Editor in 0.00 ms.
Unloading 1500 Unused Serialized files (Serialized files now loaded: 0)
System memory in use before: 73.9 MB.
System memory in use after: 74.0 MB.

Unloading 14 unused Assets to reduce memory usage. Loaded Objects now: 1971.
Total: 2.402800 ms (FindLiveObjects: 0.129500 ms CreateObjectMapping: 0.039900 ms MarkObjects: 2.219300 ms  DeleteObjects: 0.012800 ms)

AssetImportParameters requested are different than current active one (requested -> active):
  custom:framework-win-MediaFoundation: 216162199b28c13a410421893ffa2e32 -> 
  custom:video-decoder-ogg-theora: a1e56fd34408186e4bbccfd4996cb3dc -> 
  custom:container-muxer-webm: aa71ff27fc2769a1b78a27578f13a17b -> 
  custom:container-demuxer-webm: 4f35f7cbe854078d1ac9338744f61a02 -> 
  custom:container-demuxer-ogg: 62fdf1f143b41e24485cea50d1cbac27 -> 
  custom:video-encoder-webm-vp8: eb34c28f22e8b96e1ab97ce403110664 -> 
  custom:video-decoder-webm-vp8: 9c59270c3fd7afecdb556c50c9e8de78 -> 
  custom:audio-decoder-ogg-vorbis: bf7c407c2cedff20999df2af8eb42d56 -> 
  custom:audio-encoder-webm-vorbis: bf7c407c2cedff20999df2af8eb42d56 -> 
========================================================================
Received Prepare
Refreshing native plugins compatible for Editor in 2.52 ms, found 2 plugins.
Preloading 0 native plugins for Editor in 0.00 ms.
Unloading 12 Unused Serialized files (Serialized files now loaded: 0)
System memory in use before: 44.4 MB.
System memory in use after: 44.5 MB.

Unloading 12 unused Assets to reduce memory usage. Loaded Objects now: 1971.
Total: 2.719800 ms (FindLiveObjects: 0.127700 ms CreateObjectMapping: 0.041200 ms MarkObjects: 2.535900 ms  DeleteObjects: 0.014300 ms)

AssetImportParameters requested are different than current active one (requested -> active):
  custom:framework-win-MediaFoundation: 216162199b28c13a410421893ffa2e32 -> 
  custom:video-decoder-ogg-theora: a1e56fd34408186e4bbccfd4996cb3dc -> 
  custom:container-muxer-webm: aa71ff27fc2769a1b78a27578f13a17b -> 
  custom:container-demuxer-webm: 4f35f7cbe854078d1ac9338744f61a02 -> 
  custom:container-demuxer-ogg: 62fdf1f143b41e24485cea50d1cbac27 -> 
  custom:video-encoder-webm-vp8: eb34c28f22e8b96e1ab97ce403110664 -> 
  custom:video-decoder-webm-vp8: 9c59270c3fd7afecdb556c50c9e8de78 -> 
  custom:audio-decoder-ogg-vorbis: bf7c407c2cedff20999df2af8eb42d56 -> 
  custom:audio-encoder-webm-vorbis: bf7c407c2cedff20999df2af8eb42d56 -> 
AssetImportWorkerClient::OnTransportError - code=2 error=End of file
